<?xml version="1.0" encoding="UTF-8"?>
<testsuite name="TaskTest" tests="6" skipped="0" failures="0" errors="0" timestamp="2015-08-24T01:00:42" hostname="Jen-Quiross-MacBook-Pro.local" time="0.586">
  <properties/>
  <testcase name="equals_returnsTrueIfDescriptionsAretheSame" classname="TaskTest" time="0.04"/>
  <testcase name="save_returnsTrueIfDescriptionsAretheSame" classname="TaskTest" time="0.219"/>
  <testcase name="save_savesCategoryIdIntoDB_true" classname="TaskTest" time="0.139"/>
  <testcase name="all_emptyAtFirst" classname="TaskTest" time="0.049"/>
  <testcase name="save_assignsIdToObject" classname="TaskTest" time="0.066"/>
  <testcase name="find_findsTaskInDatabase_true" classname="TaskTest" time="0.069"/>
  <system-out><![CDATA[]]></system-out>
  <system-err><![CDATA[]]></system-err>
</testsuite>
