<?xml version="1.0" encoding="UTF-8"?>
<testsuite name="CategoryTest" tests="5" skipped="0" failures="0" errors="0" timestamp="2015-08-24T01:00:38" hostname="Jen-Quiross-MacBook-Pro.local" time="3.523">
  <properties/>
  <testcase name="getTasks_retrievesALlTasksFromDatabase_tasksList" classname="CategoryTest" time="2.975"/>
  <testcase name="equals_returnsTrueIfNamesAretheSame" classname="CategoryTest" time="0.017"/>
  <testcase name="all_emptyAtFirst" classname="CategoryTest" time="0.049"/>
  <testcase name="find_findCategoryInDatabase_true" classname="CategoryTest" time="0.117"/>
  <testcase name="save_savesIntoDatabase_true" classname="CategoryTest" time="0.356"/>
  <system-out><![CDATA[]]></system-out>
  <system-err><![CDATA[]]></system-err>
</testsuite>
